LoversHouse/proguard/seeds.txt
com.minus.lovershouse.ChatActivity
com.minus.lovershouse.ChatActivity: ChatActivity()
com.minus.lovershouse.ChatActivity: void onClick(android.view.View)
com.minus.lovershouse.ChatActivity$1$1
com.minus.lovershouse.ChatActivity$3
com.minus.lovershouse.ChatActivity$MyHandler
com.minus.lovershouse.CoupleActionActivity
com.minus.lovershouse.CoupleActionActivity: CoupleActionActivity()
com.minus.lovershouse.CoupleActionActivity$MyHandler
com.minus.lovershouse.LoginActivity
com.minus.lovershouse.LoginActivity: LoginActivity()
com.minus.lovershouse.LoginActivity: void onClick(android.view.View)
com.minus.lovershouse.LoginActivity$MyHandler
com.minus.lovershouse.MainActivity
com.minus.lovershouse.MainActivity: MainActivity()
com.minus.lovershouse.MainActivity: void onClick(android.view.View)
com.minus.lovershouse.MainActivity$ActionHandler
com.minus.lovershouse.MainActivity$MyHandler
com.minus.lovershouse.R$anim: int angryboy_fire
com.minus.lovershouse.R$anim: int angryboy_foot
com.minus.lovershouse.R$anim: int angrygirl_fire
com.minus.lovershouse.R$anim: int angrygirl_foot
com.minus.lovershouse.R$anim: int boy_pinchedface_eye
com.minus.lovershouse.R$anim: int couple_abuse_hand
com.minus.lovershouse.R$anim: int couple_butterfly
com.minus.lovershouse.R$anim: int eatboy_eye
com.minus.lovershouse.R$anim: int eatboy_hand
com.minus.lovershouse.R$anim: int eatboy_mouth
com.minus.lovershouse.R$anim: int eatgirl_eye
com.minus.lovershouse.R$anim: int eatgirl_hand
com.minus.lovershouse.R$anim: int eatgirl_mouth
com.minus.lovershouse.R$anim: int fade_in
com.minus.lovershouse.R$anim: int fade_out
com.minus.lovershouse.R$anim: int girl_hug_eye
com.minus.lovershouse.R$anim: int girl_pinchedface_eye
com.minus.lovershouse.R$anim: int head_in
com.minus.lovershouse.R$anim: int head_out
com.minus.lovershouse.R$anim: int hold
com.minus.lovershouse.R$anim: int hold_long
com.minus.lovershouse.R$anim: int hug_boy_eye
com.minus.lovershouse.R$anim: int in_from_left
com.minus.lovershouse.R$anim: int in_from_left_slow
com.minus.lovershouse.R$anim: int in_from_right
com.minus.lovershouse.R$anim: int in_from_right_slow
com.minus.lovershouse.R$anim: int interpolator_cycle
com.minus.lovershouse.R$anim: int miss_heart
com.minus.lovershouse.R$anim: int missboy_eye
com.minus.lovershouse.R$anim: int missgirl_eye
com.minus.lovershouse.R$anim: int out_to_left
com.minus.lovershouse.R$animator: int windowactivity_leave
com.minus.lovershouse.R$array: int calendar_prompt_policy
com.minus.lovershouse.R$attr: int arrowGreenUp
com.minus.lovershouse.R$attr: int arrowRedUp
com.minus.lovershouse.R$attr: int aspect
com.minus.lovershouse.R$attr: int btnNormal
com.minus.lovershouse.R$attr: int btnTouched
com.minus.lovershouse.R$attr: int circleGreen
com.minus.lovershouse.R$attr: int circleNormal
com.minus.lovershouse.R$attr: int circleRed
com.minus.lovershouse.R$attr: int line
com.minus.lovershouse.R$attr: int max
com.minus.lovershouse.R$attr: int numberProgressBarStyle
com.minus.lovershouse.R$attr: int progress
com.minus.lovershouse.R$attr: int progress_reached_bar_height
com.minus.lovershouse.R$attr: int progress_reached_color
com.minus.lovershouse.R$attr: int progress_text_color
com.minus.lovershouse.R$attr: int progress_text_offset
com.minus.lovershouse.R$attr: int progress_text_size
com.minus.lovershouse.R$attr: int progress_text_visibility
com.minus.lovershouse.R$attr: int progress_unreached_bar_height
com.minus.lovershouse.R$attr: int progress_unreached_color
...
com.google.gson.internal.bind.TypeAdapters$30
com.google.gson.internal.bind.TypeAdapters$30: java.lang.Class val$base
com.google.gson.internal.bind.TypeAdapters$30: java.lang.Class val$sub
com.google.gson.internal.bind.TypeAdapters$30: com.google.gson.TypeAdapter val$typeAdapter
com.google.gson.internal.bind.TypeAdapters$30: TypeAdapters$30(java.lang.Class,java.lang.Class,com.google.gson.TypeAdapter)
com.google.gson.internal.bind.TypeAdapters$30: com.google.gson.TypeAdapter create(com.google.gson.Gson,com.google.gson.reflect.TypeToken)
com.google.gson.internal.bind.TypeAdapters$30: java.lang.String toString()
com.google.gson.internal.bind.TypeAdapters$31
com.google.gson.internal.bind.TypeAdapters$31: java.lang.Class val$clazz
com.google.gson.internal.bind.TypeAdapters$31: com.google.gson.TypeAdapter val$typeAdapter
com.google.gson.internal.bind.TypeAdapters$31: TypeAdapters$31(java.lang.Class,com.google.gson.TypeAdapter)
com.google.gson.internal.bind.TypeAdapters$31: com.google.gson.TypeAdapter create(com.google.gson.Gson,com.google.gson.reflect.TypeToken)
com.google.gson.internal.bind.TypeAdapters$31: java.lang.String toString()
com.google.gson.internal.bind.TypeAdapters$32
com.google.gson.internal.bind.TypeAdapters$32: int[] $SwitchMap$com$google$gson$stream$JsonToken
com.google.gson.internal.bind.TypeAdapters$32: void <clinit>()
com.google.gson.internal.bind.TypeAdapters$4
com.google.gson.internal.bind.TypeAdapters$4: TypeAdapters$4()
com.google.gson.internal.bind.TypeAdapters$4: java.lang.Boolean read(com.google.gson.stream.JsonReader)
com.google.gson.internal.bind.TypeAdapters$4: void write(com.google.gson.stream.JsonWriter,java.lang.Boolean)
com.google.gson.internal.bind.TypeAdapters$4: java.lang.Object read(com.google.gson.stream.JsonReader)
com.google.gson.internal.bind.TypeAdapters$4: void write(com.google.gson.stream.JsonWriter,java.lang.Object)
com.google.gson.internal.bind.TypeAdapters$5
com.google.gson.internal.bind.TypeAdapters$5: TypeAdapters$5()
com.google.gson.internal.bind.TypeAdapters$5: java.lang.Number read(com.google.gson.stream.JsonReader)
com.google.gson.internal.bind.TypeAdapters$5: void write(com.google.gson.stream.JsonWriter,java.lang.Number)
com.google.gson.internal.bind.TypeAdapters$5: java.lang.Object read(com.google.gson.stream.JsonReader)
com.google.gson.internal.bind.TypeAdapters$5: void write(com.google.gson.stream.JsonWriter,java.lang.Object)
com.google.gson.internal.bind.TypeAdapters$6
com.google.gson.internal.bind.TypeAdapters$6: TypeAdapters$6()
com.google.gson.internal.bind.TypeAdapters$6: java.lang.Number read(com.google.gson.stream.JsonReader)
com.google.gson.internal.bind.TypeAdapters$6: void write(com.google.gson.stream.JsonWriter,java.lang.Number)
com.google.gson.internal.bind.TypeAdapters$6: java.lang.Object read(com.google.gson.stream.JsonReader)
com.google.gson.internal.bind.TypeAdapters$6: void write(com.google.gson.stream.JsonWriter,java.lang.Object)
com.google.gson.internal.bind.TypeAdapters$7
com.google.gson.internal.bind.TypeAdapters$7: TypeAdapters$7()
com.google.gson.internal.bind.TypeAdapters$7: java.lang.Number read(com.google.gson.stream.JsonReader)
com.google.gson.internal.bind.TypeAdapters$7: void write(com.google.gson.stream.JsonWriter,java.lang.Number)
com.google.gson.internal.bind.TypeAdapters$7: java.lang.Object read(com.google.gson.stream.JsonReader)
com.google.gson.internal.bind.TypeAdapters$7: void write(com.google.gson.stream.JsonWriter,java.lang.Object)