LoversHouse/proguard/mapping.txt
com.minus.lovershouse.ChatActivity -> com.minus.lovershouse.ChatActivity:
    boolean isChatActivityVisible -> t
    boolean isAppBackground -> u
    android.widget.ImageView faceKeyBoardSendBtn -> v
    java.lang.Runnable ImgThread -> w
    android.view.View$OnClickListener itemsOnClick -> x
    android.os.Handler myRefreshHandler -> y
    java.lang.String email -> z
    android.widget.ImageView backTomianImgBtn -> A
    android.widget.ImageView mBtnSend -> B
    android.widget.ImageView picBtn -> C
    com.minus.lovershouse.util.SelectPicPopup mSelectPicPopup -> D
    android.widget.EditText contentEt -> E
    com.minus.lovershouse.util.RTPullListView mListView -> F
    java.util.List mDataArrays -> G
    java.util.List msgRecords -> H
    com.minus.lovershouse.ChatListFragment$ChatMsgViewAdapter mAdapter -> I
    java.lang.Boolean isVoiceMode -> J
    java.lang.Boolean isSend -> K
    android.content.Context context -> n
    android.widget.FrameLayout topRl -> o
    android.widget.RelativeLayout bottomRl -> p
    com.minus.lovershouse.face.FaceRelativeLayout mFRl -> q
    android.widget.RelativeLayout mVoiceLL -> r
    boolean isFaceShow -> s
    android.widget.ImageView record -> L
    android.widget.ImageView keyboardBtn -> M
    android.app.Dialog recordingDialog -> N
    com.minus.lovershouse.util.AudioRecorder mr -> O
    java.lang.Thread recordThread -> P
    int MAX_TIME -> Q
    double MIX_TIME -> R
    int RECORD_NO -> S
    int RECORD_ING -> T
com.minus.lovershouse.ChatActivity$1 -> com.minus.lovershouse.a:
    android.os.Handler imgHandle -> a
    com.minus.lovershouse.ChatActivity this$0 -> b
    void run() -> run
    com.minus.lovershouse.ChatActivity access$0(com.minus.lovershouse.ChatActivity$1) -> a
com.minus.lovershouse.ChatActivity$1$1 -> com.minus.lovershouse.ChatActivity$1$1:
    com.minus.lovershouse.ChatActivity$1 this$1 -> a
    void handleMessage(android.os.Message) -> handleMessage
com.minus.lovershouse.ChatActivity$10 -> com.minus.lovershouse.b:
    com.minus.lovershouse.ChatActivity this$0 -> a
    void onRefresh() -> a
    com.minus.lovershouse.ChatActivity access$0(com.minus.lovershouse.ChatActivity$10) -> a
com.minus.lovershouse.ChatActivity$10$1 -> com.minus.lovershouse.c:
    com.minus.lovershouse.ChatActivity$10 this$1 -> a
    void run() -> run
com.minus.lovershouse.ChatActivity$11 -> com.minus.lovershouse.d:
    com.minus.lovershouse.ChatActivity this$0 -> a
    boolean onTouch(android.view.View,android.view.MotionEvent) -> onTouch
com.minus.lovershouse.ChatActivity$2 -> com.minus.lovershouse.e:
    com.minus.lovershouse.ChatActivity this$0 -> a
    void onClick(android.view.View) -> onClick
com.minus.lovershouse.ChatActivity$3 -> com.minus.lovershouse.ChatActivity$3:
    com.minus.lovershouse.ChatActivity this$0 -> a
    void handleMessage(android.os.Message) -> handleMessage
com.minus.lovershouse.ChatActivity$4 -> com.minus.lovershouse.f:
    com.minus.lovershouse.ChatActivity this$0 -> a
    void onTextChanged(java.lang.CharSequence,int,int,int) -> onTextChanged
    void afterTextChanged(android.text.Editable) -> afterTextChanged
    void beforeTextChanged(java.lang.CharSequence,int,int,int) -> beforeTextChanged
com.minus.lovershouse.ChatActivity$5 -> com.minus.lovershouse.g:
    com.minus.lovershouse.ChatActivity this$0 -> a
    boolean onTouch(android.view.View,android.view.MotionEvent) -> onTouch
com.minus.lovershouse.ChatActivity$6 -> com.minus.lovershouse.h:
    com.minus.lovershouse.ChatActivity this$0 -> a
    void run() -> run
    com.minus.lovershouse.ChatActivity access$0(com.minus.lovershouse.ChatActivity$6) -> a
com.minus.lovershouse.ChatActivity$6$1 -> com.minus.lovershouse.i:
    com.minus.lovershouse.ChatActivity$6 this$1 -> a
    void run() -> run
com.minus.lovershouse.ChatActivity$7 -> com.minus.lovershouse.j:
    com.minus.lovershouse.ChatActivity this$0 -> a
    java.lang.String val$voicePath -> b
    java.lang.String val$currentDate -> c
    void run() -> run
...
android.support.v4.view.accessibility.AccessibilityRecordCompatIcs -> android.support.v4.view.a.i:
    java.lang.Object obtain() -> a
    void setFromIndex(java.lang.Object,int) -> a
    void setItemCount(java.lang.Object,int) -> b
    void setScrollable(java.lang.Object,boolean) -> a
    void setToIndex(java.lang.Object,int) -> c
android.support.v4.widget.DrawerLayout -> android.support.v4.widget.DrawerLayout:
    int[] LAYOUT_ATTRS -> a
    int mMinDrawerMargin -> b
    int mScrimColor -> c
    float mScrimOpacity -> d
    android.graphics.Paint mScrimPaint -> e
    android.support.v4.widget.ViewDragHelper mLeftDragger -> f
    android.support.v4.widget.ViewDragHelper mRightDragger -> g
    android.support.v4.widget.DrawerLayout$ViewDragCallback mLeftCallback -> h
    android.support.v4.widget.DrawerLayout$ViewDragCallback mRightCallback -> i
    int mDrawerState -> j
    boolean mInLayout -> k
    boolean mFirstLayout -> l
    int mLockModeLeft -> m
    int mLockModeRight -> n
    boolean mDisallowInterceptRequested -> o
    boolean mChildrenCanceledTouch -> p
    android.support.v4.widget.DrawerLayout$DrawerListener mListener -> q
    float mInitialMotionX -> r
    float mInitialMotionY -> s
    android.graphics.drawable.Drawable mShadowLeft -> t
    android.graphics.drawable.Drawable mShadowRight -> u
    void setScrimColor(int) -> setScrimColor
    void setDrawerListener(android.support.v4.widget.DrawerLayout$DrawerListener) -> setDrawerListener
    void setDrawerLockMode(int) -> setDrawerLockMode
    void setDrawerLockMode(int,int) -> a
    int getDrawerLockMode(android.view.View) -> a
    void updateDrawerState(int,int,android.view.View) -> a
    void dispatchOnDrawerClosed(android.view.View) -> b
    void dispatchOnDrawerOpened(android.view.View) -> c
android.support.v4.widget.DrawerLayout$DrawerListener -> android.support.v4.widget.DrawerLayout$a:
    void onDrawerSlide(android.view.View,float) -> a
    void onDrawerOpened(android.view.View) -> a
    void onDrawerClosed(android.view.View) -> b
    void onDrawerStateChanged(int) -> a
android.support.v4.widget.DrawerLayout$LayoutParams -> android.support.v4.widget.DrawerLayout$b:
    int gravity -> a
    float onScreen -> b
    boolean isPeeking -> c
    boolean knownOpen -> d
android.support.v4.widget.DrawerLayout$SavedState -> android.support.v4.widget.DrawerLayout$SavedState:
    int openDrawerGravity -> a
    int lockModeLeft -> b
    int lockModeRight -> c
    android.os.Parcelable$Creator CREATOR -> CREATOR
    void writeToParcel(android.os.Parcel,int) -> writeToParcel
android.support.v4.widget.DrawerLayout$SavedState$1 -> android.support.v4.widget.a:
    android.support.v4.widget.DrawerLayout$SavedState createFromParcel(android.os.Parcel) -> a
    android.support.v4.widget.DrawerLayout$SavedState[] newArray(int) -> a
    java.lang.Object[] newArray(int) -> newArray
    java.lang.Object createFromParcel(android.os.Parcel) -> createFromParcel
android.support.v4.widget.DrawerLayout$ViewDragCallback -> android.support.v4.widget.DrawerLayout$c:
    int mGravity -> b
    android.support.v4.widget.ViewDragHelper mDragger -> c
    java.lang.Runnable mPeekRunnable -> d
    android.support.v4.widget.DrawerLayout this$0 -> a
    void removeCallbacks() -> a
    boolean tryCaptureView(android.view.View,int) -> a
    void onViewDragStateChanged(int) -> a
    void onViewPositionChanged(android.view.View,int,int,int,int) -> a
    void onViewCaptured(android.view.View,int) -> b
    void closeOtherDrawer() -> b
    void onViewReleased(android.view.View,float,float) -> a
    void onEdgeTouched(int,int) -> a
    boolean onEdgeLock(int) -> b
    void onEdgeDragStarted(int,int) -> b
    int getViewHorizontalDragRange(android.view.View) -> a
    int clampViewPositionHorizontal(android.view.View,int,int) -> a
    int clampViewPositionVertical(android.view.View,int,int) -> b