LoversHouse/proguard/usage.txt
com.minus.lovershouse.BuildConfig
com.minus.lovershouse.ChatActivity:
    private static final int CAPTURE_IMAGE_ACTIVITY_REQUEST_CODE
    private static final int PICK_IMAGE_ACTIVITY_REQUEST_CODE
    public static final int MEDIA_TYPE_IMAGE
    private static final java.lang.String TAG
    private static final int LOAD_NEW_INFO
    1104:1110:private boolean checkCameraHardware(android.content.Context)
    1284:1289:public void startSaveToSd(java.lang.String,android.graphics.Bitmap,java.lang.String)
    1452:1452:public static android.graphics.Bitmap createBitmapBySize(android.graphics.Bitmap,int,int)
com.minus.lovershouse.ChatActivity$8
com.minus.lovershouse.ChatListFragment:
    private static final java.lang.String TAG
    2212:2213:public static void setmDataArrays(java.util.List)
com.minus.lovershouse.ChatListFragment$ViewHolderLeftAudio:
    private int itemPos
com.minus.lovershouse.ChatListFragment$ViewHolderRightAudio:
    private int itemPos
com.minus.lovershouse.LoginActivity:
    private android.app.ProgressDialog loginPg
    564:564:static synthetic void access$3(com.minus.lovershouse.LoginActivity,com.minius.ui.ProgressHUD)
    564:564:static synthetic com.minius.ui.ProgressHUD access$4(com.minus.lovershouse.LoginActivity)
com.minus.lovershouse.LoginActivity$LoginTask
com.minus.lovershouse.MainActivity:
    protected static final java.lang.String TAG
    2012:2022:public void resetViews()
    2135:2138:public int getImageid(java.lang.String)
    2326:2344:private void startTwinkeAndHandShake()
    4047:4049:public void modifyHouseStyleSucc()
    4052:4053:public void modifyAppearanceSucc()
com.minus.lovershouse.R:
    10:10:public R()
com.minus.lovershouse.R$anim
com.minus.lovershouse.R$animator
com.minus.lovershouse.R$array
com.minus.lovershouse.R$attr
com.minus.lovershouse.R$color
com.minus.lovershouse.R$dimen
com.minus.lovershouse.R$drawable
com.minus.lovershouse.R$id
com.minus.lovershouse.R$layout
com.minus.lovershouse.R$menu
com.minus.lovershouse.R$string
com.minus.lovershouse.R$style
com.minus.lovershouse.R$styleable:
    3415:3415:public R$styleable()
com.minus.lovershouse.RegisterActivity:
    private static final int CAPTURE_IMAGE_ACTIVITY_REQUEST_CODE
    private static final int PICK_IMAGE_ACTIVITY_REQUEST_CODE
    public static final int MEDIA_TYPE_IMAGE
com.minus.lovershouse.SetAppearanceActivity:
    private android.widget.PopupWindow popupWindow
    private char fhcd
    private char num
    private static final int DIALOGFINISH
    473:482:private void showPopupWindow(android.view.View,android.widget.PopupWindow,int)
    536:542:public static android.graphics.Bitmap getPicFromBytes(byte[],android.graphics.BitmapFactory$Options)
com.minus.lovershouse.adapter.MenuListAdapter:
    private java.util.List position
com.minus.lovershouse.adapter.SetAppearanceAdapter:
    private android.graphics.drawable.LayerDrawable layerDrawable
com.minus.lovershouse.baseActivity.BroadCast:
    private static final java.lang.String TAG
com.minus.lovershouse.bitmap.util.BoxblurBitmap
com.minus.lovershouse.bitmap.util.Keys
com.minus.lovershouse.bitmap.util.MyExecutorService
com.minus.lovershouse.bitmap.util.MyImageLoader
com.minus.lovershouse.bitmap.util.MyImageLoader$1
com.minus.lovershouse.bitmap.util.MyImageLoader$ImageCallBack
com.minus.lovershouse.bitmap.util.ThumbNailsThread
com.minus.lovershouse.bitmap.util.Utils
com.minus.lovershouse.enity.ChatMsgEnity
com.minus.lovershouse.enity.DiaryListViewEnity
com.minus.lovershouse.face.ChatEmoji:
    43:43:public java.lang.String getFaceName()
com.minus.lovershouse.face.FaceRelativeLayout$OnCorpusSelectedListener:
    public abstract void onCorpusDeleted()
com.minus.lovershouse.face.FileUtils:
    18:18:public FileUtils()
com.minus.lovershouse.setting.CommonPasswordView:
    65:68:public CommonPasswordView(android.content.Context,android.util.AttributeSet)
...
android.support.v4.app.TaskStackBuilder$TaskStackBuilderImpl
android.support.v4.app.TaskStackBuilder$TaskStackBuilderImplBase
android.support.v4.app.TaskStackBuilder$TaskStackBuilderImplHoneycomb
android.support.v4.app.TaskStackBuilder$TaskStackBuilderImplJellybean
android.support.v4.app.TaskStackBuilderHoneycomb
android.support.v4.app.TaskStackBuilderJellybean
android.support.v4.content.AsyncTaskLoader
android.support.v4.content.AsyncTaskLoader$LoadTask
android.support.v4.content.ContextCompat
android.support.v4.content.ContextCompatHoneycomb
android.support.v4.content.ContextCompatJellybean
android.support.v4.content.CursorLoader
android.support.v4.content.FileProvider
android.support.v4.content.FileProvider$PathStrategy
android.support.v4.content.FileProvider$SimplePathStrategy
android.support.v4.content.IntentCompat
android.support.v4.content.IntentCompat$IntentCompatImpl
android.support.v4.content.IntentCompat$IntentCompatImplBase
android.support.v4.content.IntentCompat$IntentCompatImplHC
android.support.v4.content.IntentCompat$IntentCompatImplIcsMr1
android.support.v4.content.IntentCompatHoneycomb
android.support.v4.content.IntentCompatIcsMr1
android.support.v4.content.Loader:
    android.content.Context mContext
    91:93:public Loader(android.content.Context)
    103:106:public void deliverResult(java.lang.Object)
    112:112:public android.content.Context getContext()
    119:119:public int getId()
    158:158:public boolean isStarted()
    167:167:public boolean isAbandoned()
    176:176:public boolean isReset()
    218:219:public void forceLoad()
    226:226:protected void onForceLoad()
    262:264:public void abandon()
    276:276:protected void onAbandon()
    314:317:public boolean takeContentChanged()
    328:329:public void commitContentChanged()
    339:342:public void rollbackContentChanged()
    353:361:public void onContentChanged()
android.support.v4.content.Loader$ForceLoadContentObserver
android.support.v4.content.Loader$OnLoadCompleteListener:
    public abstract void onLoadComplete(android.support.v4.content.Loader,java.lang.Object)
android.support.v4.content.LocalBroadcastManager:
    private static final java.lang.String TAG
    private static final boolean DEBUG
    private final java.util.HashMap mActions
    static final int MSG_EXEC_PENDING_BROADCASTS
    private final android.os.Handler mHandler
    private static android.support.v4.content.LocalBroadcastManager mInstance
    100:105:public static android.support.v4.content.LocalBroadcastManager getInstance(android.content.Context)
    108:123:private LocalBroadcastManager(android.content.Context)
    134:152:public void registerReceiver(android.content.BroadcastReceiver,android.content.IntentFilter)
    164:188:public void unregisterReceiver(android.content.BroadcastReceiver)
    201:268:public boolean sendBroadcast(android.content.Intent)
    277:280:public void sendBroadcastSync(android.content.Intent)
android.support.v4.content.LocalBroadcastManager$1:
    110:110:LocalBroadcastManager$1(android.support.v4.content.LocalBroadcastManager,android.os.Looper)
android.support.v4.content.LocalBroadcastManager$BroadcastRecord:
    73:76:LocalBroadcastManager$BroadcastRecord(android.content.Intent,java.util.ArrayList)
android.support.v4.content.LocalBroadcastManager$ReceiverRecord:
    boolean broadcasting
    52:55:LocalBroadcastManager$ReceiverRecord(android.content.IntentFilter,android.content.BroadcastReceiver)